<?xml version="1.0" encoding="utf-8"?><testsuites name="pytest tests"><testsuite name="pytest" errors="0" failures="0" skipped="0" tests="33" time="31.716" timestamp="2026-05-15T11:42:37.588056+00:00" hostname="agent-env-19393f19-3c96-4174-89da-c04f3489693e"><testcase classname="backend.tests.backend_test" name="test_root" time="0.131" /><testcase classname="backend.tests.backend_test" name="test_list_games_returns_7_with_digit_and_pick" time="0.031" /><testcase classname="backend.tests.backend_test" name="test_list_packages" time="0.036" /><testcase classname="backend.tests.backend_test" name="test_register_grants_3_credits" time="0.300" /><testcase classname="backend.tests.backend_test" name="test_register_duplicate" time="0.029" /><testcase classname="backend.tests.backend_test" name="test_login_success" time="0.269" /><testcase classname="backend.tests.backend_test" name="test_login_invalid" time="0.272" /><testcase classname="backend.tests.backend_test" name="test_me" time="0.031" /><testcase classname="backend.tests.backend_test" name="test_me_unauthorized" time="0.032" /><testcase classname="backend.tests.backend_test" name="test_generate_quick_pick_658" time="0.036" /><testcase classname="backend.tests.backend_test" name="test_generate_quick_bad_game" time="0.032" /><testcase classname="backend.tests.backend_test" name="test_generate_quick_4d" time="0.030" /><testcase classname="backend.tests.backend_test" name="test_generate_quick_5d" time="0.036" /><testcase classname="backend.tests.backend_test" name="test_generate_quick_6d" time="0.034" /><testcase classname="backend.tests.backend_test" name="test_generate_ai_6d_consumes_credit" time="9.975" /><testcase classname="backend.tests.backend_test" name="test_generate_ai_4d" time="6.339" /><testcase classname="backend.tests.backend_test" name="test_generate_ai_exhaust_and_402" time="3.533" /><testcase classname="backend.tests.backend_test" name="test_picks_history_mixed" time="0.040" /><testcase classname="backend.tests.backend_test" name="test_checkout_credits_10" time="1.270" /><testcase classname="backend.tests.backend_test" name="test_checkout_bad_package" time="0.031" /><testcase classname="backend.tests.backend_test" name="test_payment_status_unknown_session_returns_404" time="0.034" /><testcase classname="backend.tests.backend_test" name="test_serialize_user_is_admin_flag" time="0.269" /><testcase classname="backend.tests.backend_test" name="test_admin_stats_requires_admin" time="0.044" /><testcase classname="backend.tests.backend_test" name="test_admin_stats_no_token" time="0.033" /><testcase classname="backend.tests.backend_test" name="test_admin_stats_ok" time="0.062" /><testcase classname="backend.tests.backend_test" name="test_admin_draws_list" time="0.035" /><testcase classname="backend.tests.backend_test" name="test_admin_draws_list_forbidden" time="0.031" /><testcase classname="backend.tests.backend_test" name="test_admin_add_draws_extracts_3" time="0.082" /><testcase classname="backend.tests.backend_test" name="test_admin_add_draws_empty_400" time="0.032" /><testcase classname="backend.tests.backend_test" name="test_admin_add_draws_forbidden" time="0.031" /><testcase classname="backend.tests.backend_test" name="test_admin_scrape_does_not_error" time="0.191" /><testcase classname="backend.tests.backend_test" name="test_admin_scrape_forbidden" time="0.035" /><testcase classname="backend.tests.backend_test" name="test_generate_ai_returns_real_hot_cold_4d" time="8.225" /></testsuite></testsuites>