<?xml version="1.0" encoding="utf-8"?><testsuites name="pytest tests"><testsuite name="pytest" errors="0" failures="0" skipped="0" tests="21" time="28.205" timestamp="2026-05-14T23:07:15.053387+00:00" hostname="agent-env-19393f19-3c96-4174-89da-c04f3489693e"><testcase classname="backend.tests.backend_test" name="test_root" time="0.513" /><testcase classname="backend.tests.backend_test" name="test_list_games_returns_7_with_digit_and_pick" time="0.230" /><testcase classname="backend.tests.backend_test" name="test_list_packages" time="0.035" /><testcase classname="backend.tests.backend_test" name="test_register_grants_3_credits" time="0.301" /><testcase classname="backend.tests.backend_test" name="test_register_duplicate" time="0.031" /><testcase classname="backend.tests.backend_test" name="test_login_success" time="0.272" /><testcase classname="backend.tests.backend_test" name="test_login_invalid" time="0.298" /><testcase classname="backend.tests.backend_test" name="test_me" time="0.031" /><testcase classname="backend.tests.backend_test" name="test_me_unauthorized" time="0.031" /><testcase classname="backend.tests.backend_test" name="test_generate_quick_pick_658" time="0.032" /><testcase classname="backend.tests.backend_test" name="test_generate_quick_bad_game" time="0.026" /><testcase classname="backend.tests.backend_test" name="test_generate_quick_4d" time="0.028" /><testcase classname="backend.tests.backend_test" name="test_generate_quick_5d" time="0.029" /><testcase classname="backend.tests.backend_test" name="test_generate_quick_6d" time="0.036" /><testcase classname="backend.tests.backend_test" name="test_generate_ai_6d_consumes_credit" time="12.653" /><testcase classname="backend.tests.backend_test" name="test_generate_ai_4d" time="7.714" /><testcase classname="backend.tests.backend_test" name="test_generate_ai_exhaust_and_402" time="4.572" /><testcase classname="backend.tests.backend_test" name="test_picks_history_mixed" time="0.031" /><testcase classname="backend.tests.backend_test" name="test_checkout_credits_10" time="1.167" /><testcase classname="backend.tests.backend_test" name="test_checkout_bad_package" time="0.037" /><testcase classname="backend.tests.backend_test" name="test_payment_status_unknown_session_returns_404" time="0.043" /></testsuite></testsuites>